[debug] [2025-03-24T11:36:05.205Z] ----------------------------------------------------------------------
[debug] [2025-03-24T11:36:05.208Z] Command:       C:\Program Files\nodejs\node.exe C:\Users\hp\AppData\Roaming\npm\node_modules\firebase-tools\lib\bin\firebase.js deploy
[debug] [2025-03-24T11:36:05.209Z] CLI Version:   13.35.1
[debug] [2025-03-24T11:36:05.209Z] Platform:      win32
[debug] [2025-03-24T11:36:05.209Z] Node Version:  v22.11.0
[debug] [2025-03-24T11:36:05.210Z] Time:          Mon Mar 24 2025 13:36:05 GMT+0200 (Eastern European Standard Time)
[debug] [2025-03-24T11:36:05.210Z] ----------------------------------------------------------------------
[debug] 
[debug] [2025-03-24T11:36:05.546Z] > command requires scopes: ["email","openid","https://www.googleapis.com/auth/cloudplatformprojects.readonly","https://www.googleapis.com/auth/firebase","https://www.googleapis.com/auth/cloud-platform"]
[debug] [2025-03-24T11:36:05.547Z] > authorizing via signed-in user (kabilmostafa6@gmail.com)
[debug] [2025-03-24T11:36:05.547Z] [iam] checking project react-project-ee5b0 for permissions ["firebase.projects.get","firebasehosting.sites.update"]
[debug] [2025-03-24T11:36:05.549Z] Checked if tokens are valid: false, expires at: 1742789117844
[debug] [2025-03-24T11:36:05.549Z] Checked if tokens are valid: false, expires at: 1742789117844
[debug] [2025-03-24T11:36:05.549Z] > refreshing access token with scopes: []
[debug] [2025-03-24T11:36:05.551Z] >>> [apiv2][query] POST https://www.googleapis.com/oauth2/v3/token [none]
[debug] [2025-03-24T11:36:05.552Z] >>> [apiv2][body] POST https://www.googleapis.com/oauth2/v3/token [omitted]
[debug] [2025-03-24T11:36:05.669Z] *** [apiv2] error from fetch(https://www.googleapis.com/oauth2/v3/token, {"headers":{},"method":"POST","body":{"_overheadLength":545,"_valueLength":212,"_valuesToMeasure":[],"writable":false,"readable":true,"dataSize":0,"maxDataSize":2097152,"pauseStreams":true,"_released":true,"_streams":[],"_currentStream":null,"_insideLoop":false,"_pendingNext":false,"_boundary":"--------------------------755800714840539094712281","_events":{},"_eventsCount":1}}): FetchError: request to https://www.googleapis.com/oauth2/v3/token failed, reason: getaddrinfo ENOTFOUND www.googleapis.com
[error] Authentication Error: Your credentials are no longer valid. Please run firebase login --reauth

For CI servers and headless environments, generate a new token with firebase login:ci
[debug] [2025-03-24T11:36:05.670Z] [iam] error while checking permissions, command may fail: Authentication Error: Your credentials are no longer valid. Please run firebase login --reauth

For CI servers and headless environments, generate a new token with firebase login:ci
[debug] [2025-03-24T11:36:05.671Z] Checked if tokens are valid: false, expires at: 1742789117844
[debug] [2025-03-24T11:36:05.671Z] Checked if tokens are valid: false, expires at: 1742789117844
[debug] [2025-03-24T11:36:05.671Z] > refreshing access token with scopes: []
[debug] [2025-03-24T11:36:05.672Z] >>> [apiv2][query] POST https://www.googleapis.com/oauth2/v3/token [none]
[debug] [2025-03-24T11:36:05.672Z] >>> [apiv2][body] POST https://www.googleapis.com/oauth2/v3/token [omitted]
[debug] [2025-03-24T11:36:05.725Z] *** [apiv2] error from fetch(https://www.googleapis.com/oauth2/v3/token, {"headers":{},"method":"POST","body":{"_overheadLength":545,"_valueLength":212,"_valuesToMeasure":[],"writable":false,"readable":true,"dataSize":0,"maxDataSize":2097152,"pauseStreams":true,"_released":true,"_streams":[],"_currentStream":null,"_insideLoop":false,"_pendingNext":false,"_boundary":"--------------------------845167379267332889403487","_events":{},"_eventsCount":1}}): FetchError: request to https://www.googleapis.com/oauth2/v3/token failed, reason: getaddrinfo ENOTFOUND www.googleapis.com
[error] Authentication Error: Your credentials are no longer valid. Please run firebase login --reauth

For CI servers and headless environments, generate a new token with firebase login:ci
[debug] [2025-03-24T11:36:05.726Z] Authentication Error: Your credentials are no longer valid. Please run firebase login --reauth

For CI servers and headless environments, generate a new token with firebase login:ci
[error] 
[error] Error: Assertion failed: resolving hosting target of a site with no site name or target name. This should have caused an error earlier
